2023-02-25, 20:58:29  No manual date for select invoices given.
2023-02-25, 20:58:29  Try to obtain date via database and constant AUTOMATIC_INVOICE_INTERVAL ................................................ [FAIL]
2023-02-25, 20:58:29  Try to obtain date via DateTime and constant DEFAULT_INVOICE_INTERVAL=P10M ............................................. [OK]
2023-02-25, 20:58:29  All invoices for the date 2022-04-25 will be processed.
2023-02-25, 20:58:29  New date 2023-02-25 for invoices will be set.
2023-02-25, 20:58:29  Try to obtain product-tax via database ({{mwst}}) ...................................................................... [FAIL]
2023-02-25, 20:58:29  const DEFAULT_TAX=7.7 for product-tax will be used.
2023-02-25, 20:58:29  product_tax set to value 7.7%
2023-02-25, 20:58:29  Getting query from file '/var/www/test.localhost/Workers/../Db/sql/multiInvoiceWorker/fill_invoice_tables.sql' ......... [OK]
2023-02-25, 20:58:29  Executing query to select data from old tables ......................................................................... [FAIL]
array(3) {
  [0]=>
  string(6672) "SELECT 1                                    AS bill_type,
       t1.bestell_datum                     AS old_bill_date,

       -- data for the `tbl_invoices`
       '2023-02-25'                            AS invoice_date,
       kunde.sprache                        AS invoice_lang,
       kunde.id_kunde                       AS id_kunde,
       kunde.firma                          AS company_name,
       kunde.vorname                        AS first_name,
       kunde.name                           AS second_name,
       kunde.email                          AS email,
       kunde.telefon_mobil                  AS phone,
       kunde.plz                            AS postcode,
       NULL                                 AS country,
       kunde.ortschaft                      AS city,
       kunde.strasse                        AS street,

       -- data for the `tbl_invoice_products`
       '2023-02-25'                            AS period_start,
       DATE_ADD('2023-02-25', INTERVAL 1 YEAR) AS period_end,
       product.abo                          AS product_name,
       1                                    AS product_count,
       t1.preis                             AS product_amount,
       0.00                                 AS product_tax,
       '`tbl_bestellung`'                     AS product_table,
       t1.id_bestellung                     AS product_id,
       '`tbl_abotyp`'                         AS product_abo_table,
       product.id_abo                       AS product_abo_id,
       product.prefix                       AS product_prefix,
       product.abobezeichnung               AS product_definition_de,
       product.abobezeichnung_en            AS product_definition_en,
       product.abobezeichnung_fr            AS product_definition_fr,
       product.abobezeichnung_it            AS product_definition_it

FROM `tbl_bestellung` AS t1
         INNER JOIN `tbl_abotyp` AS product ON t1.id_abo = product.id_abo
         INNER JOIN `tbl_kunde` AS kunde ON t1.id_kunde = kunde.id_kunde
WHERE DAY(t1.bestell_datum) = DAY('2022-04-25')
  AND MONTH(t1.bestell_datum) = MONTH('2022-04-25')
  AND YEAR(t1.bestell_datum) <= YEAR('2022-04-25')

UNION

SELECT 3                                    AS bill_type,
       t1.bestell_datum                     AS old_bill_date,

       -- data for the `tbl_invoices`
       '2023-02-25'                            AS invoice_date,
       kunde.sprache                        AS invoice_lang,
       kunde.id_kunde                       AS id_kunde,
       kunde.firma                          AS company_name,
       kunde.vorname                        AS first_name,
       kunde.name                           AS second_name,
       kunde.email                          AS email,
       kunde.telefon_mobil                  AS phone,
       kunde.plz                            AS postcode,
       NULL                                 AS country,
       kunde.ortschaft                      AS city,
       kunde.strasse                        AS street,

       -- data for the `tbl_invoice_products`
       '2023-02-25'                            AS period_start,
       DATE_ADD('2023-02-25', INTERVAL 1 YEAR) AS period_end,
       product.spezialbestellung            AS product_name,
       1                                    AS product_count,
       t1.preis                             AS product_amount,
       0.00                                 AS product_tax,
       '`tbl_bestellung_spezial`'             AS product_table,
       t1.id_bestellung_spezial             AS product_id,
       '`tbl_spezial`'                        AS product_abo_table,
       product.id_spezial                   AS product_abo_id,
       product.prefix                       AS product_prefix,
       product.abobezeichnung               AS product_definition_de,
       product.abobezeichnung_en            AS product_definition_en,
       product.abobezeichnung_fr            AS product_definition_fr,
       product.abobezeichnung_it            AS product_definition_it

FROM `tbl_bestellung_spezial` AS t1
         INNER JOIN `tbl_spezial` AS product ON t1.id_spezial = product.id_spezial
         INNER JOIN `tbl_kunde` AS kunde ON t1.id_kunde = kunde.id_kunde
WHERE DAY(t1.bestell_datum) = DAY('2022-04-25')
  AND MONTH(t1.bestell_datum) = MONTH('2022-04-25')
  AND YEAR(t1.bestell_datum) <= YEAR('2022-04-25')

UNION

SELECT 4                                    AS bill_type,
       t1.bestell_datum                     AS old_bill_date,

       -- data for the `tbl_invoices`
       '2023-02-25'                            AS invoice_date,
       kunde.sprache                        AS invoice_lang,
       kunde.id_kunde                       AS id_kunde,
       kunde.firma                          AS company_name,
       kunde.vorname                        AS first_name,
       kunde.name                           AS second_name,
       kunde.email                          AS email,
       kunde.telefon_mobil                  AS phone,
       kunde.plz                            AS postcode,
       NULL                                 AS country,
       kunde.ortschaft                      AS city,
       kunde.strasse                        AS street,

       -- data for the `tbl_invoice_products`
       '2023-02-25'                            AS period_start,
       DATE_ADD('2023-02-25', INTERVAL 1 YEAR) AS period_end,
       product.service                      AS product_name,
       1                                    AS product_count,
       t1.preis                             AS product_amount,
       0.00                                 AS product_tax,
       '`tbl_bestellung_ssl`'                 AS product_table,
       t1.id_bestellung_ssl                 AS product_id,
       '`tbl_ssl`'                            AS product_abo_table,
       product.id_ssl                       AS product_abo_id,
       product.prefix                       AS product_prefix,
       product.abobezeichnung               AS product_definition_de,
       product.abobezeichnung_en            AS product_definition_en,
       product.abobezeichnung_fr            AS product_definition_fr,
       product.abobezeichnung_it            AS product_definition_it

FROM `tbl_bestellung_ssl` AS t1
         INNER JOIN `tbl_ssl` AS product ON t1.id_ssl = product.id_ssl
         INNER JOIN `tbl_kunde` AS kunde ON t1.id_kunde = kunde.id_kunde
WHERE DAY(t1.bestell_datum) = DAY('2022-04-25')
  AND MONTH(t1.bestell_datum) = MONTH('2022-04-25')
  AND YEAR(t1.bestell_datum) <= YEAR('2022-04-25')

ORDER BY id_kunde ASC, bill_type ASC, product_id ASC LIMIT 50"
  [1]=>
  array(3) {
    [0]=>
    string(5) "42S02"
    [1]=>
    int(1146)
    [2]=>
    string(41) "Table 'test.tbl_bestellung' doesn't exist"
  }
  [2]=>
  array(3) {
    [0]=>
    string(5) "00000"
    [1]=>
    NULL
    [2]=>
    NULL
  }
}

2023-02-25, 20:58:29  Process terminated.
2023-02-25, 20:58:43  No manual date for select invoices given.
2023-02-25, 20:58:43  Try to obtain date via database and constant AUTOMATIC_INVOICE_INTERVAL ................................................ [FAIL]
2023-02-25, 20:58:43  Try to obtain date via DateTime and constant DEFAULT_INVOICE_INTERVAL=P10M ............................................. [OK]
2023-02-25, 20:58:43  All invoices for the date 2022-04-25 will be processed.
2023-02-25, 20:58:43  New date 2023-02-25 for invoices will be set.
2023-02-25, 20:58:43  Try to obtain product-tax via database ({{mwst}}) ...................................................................... [FAIL]
2023-02-25, 20:58:43  const DEFAULT_TAX=7.7 for product-tax will be used.
2023-02-25, 20:58:43  product_tax set to value 7.7%
2023-02-25, 20:58:43  Getting query from file '/var/www/test.localhost/Workers/../Db/sql/multiInvoiceWorker/fill_invoice_tables.sql' ......... [OK]
2023-02-25, 20:58:44  Executing query to select data from old tables ......................................................................... [FAIL]
array(3) {
  [0]=>
  string(6672) "SELECT 1                                    AS bill_type,
       t1.bestell_datum                     AS old_bill_date,

       -- data for the `tbl_invoices`
       '2023-02-25'                            AS invoice_date,
       kunde.sprache                        AS invoice_lang,
       kunde.id_kunde                       AS id_kunde,
       kunde.firma                          AS company_name,
       kunde.vorname                        AS first_name,
       kunde.name                           AS second_name,
       kunde.email                          AS email,
       kunde.telefon_mobil                  AS phone,
       kunde.plz                            AS postcode,
       NULL                                 AS country,
       kunde.ortschaft                      AS city,
       kunde.strasse                        AS street,

       -- data for the `tbl_invoice_products`
       '2023-02-25'                            AS period_start,
       DATE_ADD('2023-02-25', INTERVAL 1 YEAR) AS period_end,
       product.abo                          AS product_name,
       1                                    AS product_count,
       t1.preis                             AS product_amount,
       0.00                                 AS product_tax,
       '`tbl_bestellung`'                     AS product_table,
       t1.id_bestellung                     AS product_id,
       '`tbl_abotyp`'                         AS product_abo_table,
       product.id_abo                       AS product_abo_id,
       product.prefix                       AS product_prefix,
       product.abobezeichnung               AS product_definition_de,
       product.abobezeichnung_en            AS product_definition_en,
       product.abobezeichnung_fr            AS product_definition_fr,
       product.abobezeichnung_it            AS product_definition_it

FROM `tbl_bestellung` AS t1
         INNER JOIN `tbl_abotyp` AS product ON t1.id_abo = product.id_abo
         INNER JOIN `tbl_kunde` AS kunde ON t1.id_kunde = kunde.id_kunde
WHERE DAY(t1.bestell_datum) = DAY('2022-04-25')
  AND MONTH(t1.bestell_datum) = MONTH('2022-04-25')
  AND YEAR(t1.bestell_datum) <= YEAR('2022-04-25')

UNION

SELECT 3                                    AS bill_type,
       t1.bestell_datum                     AS old_bill_date,

       -- data for the `tbl_invoices`
       '2023-02-25'                            AS invoice_date,
       kunde.sprache                        AS invoice_lang,
       kunde.id_kunde                       AS id_kunde,
       kunde.firma                          AS company_name,
       kunde.vorname                        AS first_name,
       kunde.name                           AS second_name,
       kunde.email                          AS email,
       kunde.telefon_mobil                  AS phone,
       kunde.plz                            AS postcode,
       NULL                                 AS country,
       kunde.ortschaft                      AS city,
       kunde.strasse                        AS street,

       -- data for the `tbl_invoice_products`
       '2023-02-25'                            AS period_start,
       DATE_ADD('2023-02-25', INTERVAL 1 YEAR) AS period_end,
       product.spezialbestellung            AS product_name,
       1                                    AS product_count,
       t1.preis                             AS product_amount,
       0.00                                 AS product_tax,
       '`tbl_bestellung_spezial`'             AS product_table,
       t1.id_bestellung_spezial             AS product_id,
       '`tbl_spezial`'                        AS product_abo_table,
       product.id_spezial                   AS product_abo_id,
       product.prefix                       AS product_prefix,
       product.abobezeichnung               AS product_definition_de,
       product.abobezeichnung_en            AS product_definition_en,
       product.abobezeichnung_fr            AS product_definition_fr,
       product.abobezeichnung_it            AS product_definition_it

FROM `tbl_bestellung_spezial` AS t1
         INNER JOIN `tbl_spezial` AS product ON t1.id_spezial = product.id_spezial
         INNER JOIN `tbl_kunde` AS kunde ON t1.id_kunde = kunde.id_kunde
WHERE DAY(t1.bestell_datum) = DAY('2022-04-25')
  AND MONTH(t1.bestell_datum) = MONTH('2022-04-25')
  AND YEAR(t1.bestell_datum) <= YEAR('2022-04-25')

UNION

SELECT 4                                    AS bill_type,
       t1.bestell_datum                     AS old_bill_date,

       -- data for the `tbl_invoices`
       '2023-02-25'                            AS invoice_date,
       kunde.sprache                        AS invoice_lang,
       kunde.id_kunde                       AS id_kunde,
       kunde.firma                          AS company_name,
       kunde.vorname                        AS first_name,
       kunde.name                           AS second_name,
       kunde.email                          AS email,
       kunde.telefon_mobil                  AS phone,
       kunde.plz                            AS postcode,
       NULL                                 AS country,
       kunde.ortschaft                      AS city,
       kunde.strasse                        AS street,

       -- data for the `tbl_invoice_products`
       '2023-02-25'                            AS period_start,
       DATE_ADD('2023-02-25', INTERVAL 1 YEAR) AS period_end,
       product.service                      AS product_name,
       1                                    AS product_count,
       t1.preis                             AS product_amount,
       0.00                                 AS product_tax,
       '`tbl_bestellung_ssl`'                 AS product_table,
       t1.id_bestellung_ssl                 AS product_id,
       '`tbl_ssl`'                            AS product_abo_table,
       product.id_ssl                       AS product_abo_id,
       product.prefix                       AS product_prefix,
       product.abobezeichnung               AS product_definition_de,
       product.abobezeichnung_en            AS product_definition_en,
       product.abobezeichnung_fr            AS product_definition_fr,
       product.abobezeichnung_it            AS product_definition_it

FROM `tbl_bestellung_ssl` AS t1
         INNER JOIN `tbl_ssl` AS product ON t1.id_ssl = product.id_ssl
         INNER JOIN `tbl_kunde` AS kunde ON t1.id_kunde = kunde.id_kunde
WHERE DAY(t1.bestell_datum) = DAY('2022-04-25')
  AND MONTH(t1.bestell_datum) = MONTH('2022-04-25')
  AND YEAR(t1.bestell_datum) <= YEAR('2022-04-25')

ORDER BY id_kunde ASC, bill_type ASC, product_id ASC LIMIT 50"
  [1]=>
  array(3) {
    [0]=>
    string(5) "42S02"
    [1]=>
    int(1146)
    [2]=>
    string(41) "Table 'test.tbl_bestellung' doesn't exist"
  }
  [2]=>
  array(3) {
    [0]=>
    string(5) "00000"
    [1]=>
    NULL
    [2]=>
    NULL
  }
}

2023-02-25, 20:58:44  Process terminated.
